c:\users\сергей\desktop\yroki3\аисд\laba1\drevo\debug\vc142.pdb
c:\users\сергей\desktop\yroki3\аисд\rbtree\drevo\debug\vc142.pdb
c:\users\сергей\desktop\yroki3\аисд\rbtree\drevo\debug\vc142.idb
c:\users\сергей\desktop\yroki3\аисд\rbtree\drevo\debug\rbtree.obj
c:\users\сергей\desktop\yroki3\аисд\rbtree\drevo\debug\main.obj
c:\users\сергей\desktop\yroki3\аисд\laba1\drevo\debug\rbtree.ilk
c:\users\сергей\desktop\yroki3\аисд\laba1\drevo\debug\rbtree.exe
c:\users\сергей\desktop\yroki3\аисд\laba1\drevo\debug\rbtree.pdb
c:\users\сергей\desktop\yroki3\аисд\rbtree\drevo\debug\rbtree.exe
c:\users\сергей\desktop\yroki3\аисд\rbtree\drevo\debug\rbtree.ilk
c:\users\сергей\desktop\yroki3\аисд\rbtree\drevo\debug\rbtree.pdb
c:\users\сергей\desktop\yroki3\аисд\rbtree\drevo\debug\testrbtree.ilk
c:\users\сергей\desktop\yroki3\аисд\rbtree\drevo\debug\testrbtree.exp
c:\users\сергей\desktop\yroki3\аисд\rbtree\drevo\debug\testrbtree.pdb
c:\users\сергей\desktop\yroki3\аисд\rbtree\drevo\debug\rbtree.tlog\cl.command.1.tlog
c:\users\сергей\desktop\yroki3\аисд\rbtree\drevo\debug\rbtree.tlog\cl.read.1.tlog
c:\users\сергей\desktop\yroki3\аисд\rbtree\drevo\debug\rbtree.tlog\cl.write.1.tlog
c:\users\сергей\desktop\yroki3\аисд\rbtree\drevo\debug\rbtree.tlog\link.command.1.tlog
c:\users\сергей\desktop\yroki3\аисд\rbtree\drevo\debug\rbtree.tlog\link.read.1.tlog
c:\users\сергей\desktop\yroki3\аисд\rbtree\drevo\debug\rbtree.tlog\link.write.1.tlog
